Determining if the pthread_create exist failed with the following output:
Change Dir: /home/joeft/Git/CG-HS18/assignment_7/cmake-build-debug/CMakeFiles/CMakeTmp

Run Build Command:"/usr/bin/make" "cmTC_90492/fast"
/usr/bin/make -f CMakeFiles/cmTC_90492.dir/build.make CMakeFiles/cmTC_90492.dir/build
make[1]: Entering directory '/home/joeft/Git/CG-HS18/assignment_7/cmake-build-debug/CMakeFiles/CMakeTmp'
Building C object CMakeFiles/cmTC_90492.dir/CheckSymbolExists.c.o
/usr/bin/cc    -o CMakeFiles/cmTC_90492.dir/CheckSymbolExists.c.o   -c /home/joeft/Git/CG-HS18/assignment_7/cmake-build-debug/CMakeFiles/CMakeTmp/CheckSymbolExists.c
Linking C executable cmTC_90492
/home/joeft/.local/share/JetBrains/Toolbox/apps/CLion/ch-0/182.5107.21/bin/cmake/linux/bin/cmake -E cmake_link_script CMakeFiles/cmTC_90492.dir/link.txt --verbose=1
/usr/bin/cc      -rdynamic CMakeFiles/cmTC_90492.dir/CheckSymbolExists.c.o  -o cmTC_90492 
/usr/bin/ld: CMakeFiles/cmTC_90492.dir/CheckSymbolExists.c.o: in function `main':
CheckSymbolExists.c:(.text+0x1b): undefined reference to `pthread_create'
collect2: error: ld returned 1 exit status
make[1]: *** [CMakeFiles/cmTC_90492.dir/build.make:87: cmTC_90492] Error 1
make[1]: Leaving directory '/home/joeft/Git/CG-HS18/assignment_7/cmake-build-debug/CMakeFiles/CMakeTmp'
make: *** [Makefile:121: cmTC_90492/fast] Error 2

File /home/joeft/Git/CG-HS18/assignment_7/cmake-build-debug/CMakeFiles/CMakeTmp/CheckSymbolExists.c:
/* */
#include <pthread.h>

int main(int argc, char** argv)
{
  (void)argv;
#ifndef pthread_create
  return ((int*)(&pthread_create))[argc];
#else
  (void)argc;
  return 0;
#endif
}

Determining if the function pthread_create exists in the pthreads failed with the following output:
Change Dir: /home/joeft/Git/CG-HS18/assignment_7/cmake-build-debug/CMakeFiles/CMakeTmp

Run Build Command:"/usr/bin/make" "cmTC_0f9cf/fast"
/usr/bin/make -f CMakeFiles/cmTC_0f9cf.dir/build.make CMakeFiles/cmTC_0f9cf.dir/build
make[1]: Entering directory '/home/joeft/Git/CG-HS18/assignment_7/cmake-build-debug/CMakeFiles/CMakeTmp'
Building C object CMakeFiles/cmTC_0f9cf.dir/CheckFunctionExists.c.o
/usr/bin/cc   -DCHECK_FUNCTION_EXISTS=pthread_create   -o CMakeFiles/cmTC_0f9cf.dir/CheckFunctionExists.c.o   -c /home/joeft/.local/share/JetBrains/Toolbox/apps/CLion/ch-0/182.5107.21/bin/cmake/linux/share/cmake-3.12/Modules/CheckFunctionExists.c
Linking C executable cmTC_0f9cf
/home/joeft/.local/share/JetBrains/Toolbox/apps/CLion/ch-0/182.5107.21/bin/cmake/linux/bin/cmake -E cmake_link_script CMakeFiles/cmTC_0f9cf.dir/link.txt --verbose=1
/usr/bin/cc  -DCHECK_FUNCTION_EXISTS=pthread_create    -rdynamic CMakeFiles/cmTC_0f9cf.dir/CheckFunctionExists.c.o  -o cmTC_0f9cf -lpthreads 
/usr/bin/ld: cannot find -lpthreads
collect2: error: ld returned 1 exit status
make[1]: *** [CMakeFiles/cmTC_0f9cf.dir/build.make:87: cmTC_0f9cf] Error 1
make[1]: Leaving directory '/home/joeft/Git/CG-HS18/assignment_7/cmake-build-debug/CMakeFiles/CMakeTmp'
make: *** [Makefile:121: cmTC_0f9cf/fast] Error 2


